Determining if the pthread_create exist failed with the following output:
Change Dir: /home/anatoly/projects/UnkillableStack/cmake-build-debug/CMakeFiles/CMakeTmp

Run Build Command:"/usr/bin/make" "cmTC_00daa/fast"
/usr/bin/make -f CMakeFiles/cmTC_00daa.dir/build.make CMakeFiles/cmTC_00daa.dir/build
make[1]: вход в каталог «/home/anatoly/projects/UnkillableStack/cmake-build-debug/CMakeFiles/CMakeTmp»
Building C object CMakeFiles/cmTC_00daa.dir/CheckSymbolExists.c.o
/usr/bin/gcc    -o CMakeFiles/cmTC_00daa.dir/CheckSymbolExists.c.o   -c /home/anatoly/projects/UnkillableStack/cmake-build-debug/CMakeFiles/CMakeTmp/CheckSymbolExists.c
Linking C executable cmTC_00daa
/home/anatoly/clion-2018.2.4/bin/cmake/linux/bin/cmake -E cmake_link_script CMakeFiles/cmTC_00daa.dir/link.txt --verbose=1
/usr/bin/gcc      -rdynamic CMakeFiles/cmTC_00daa.dir/CheckSymbolExists.c.o  -o cmTC_00daa 
CMakeFiles/cmTC_00daa.dir/CheckSymbolExists.c.o: In function `main':
CheckSymbolExists.c:(.text+0x1b): undefined reference to `pthread_create'
collect2: error: ld returned 1 exit status
CMakeFiles/cmTC_00daa.dir/build.make:86: recipe for target 'cmTC_00daa' failed
make[1]: *** [cmTC_00daa] Error 1
make[1]: выход из каталога «/home/anatoly/projects/UnkillableStack/cmake-build-debug/CMakeFiles/CMakeTmp»
Makefile:121: recipe for target 'cmTC_00daa/fast' failed
make: *** [cmTC_00daa/fast] Error 2

File /home/anatoly/projects/UnkillableStack/cmake-build-debug/CMakeFiles/CMakeTmp/CheckSymbolExists.c:
/* */
#include <pthread.h>

int main(int argc, char** argv)
{
  (void)argv;
#ifndef pthread_create
  return ((int*)(&pthread_create))[argc];
#else
  (void)argc;
  return 0;
#endif
}

Determining if the function pthread_create exists in the pthreads failed with the following output:
Change Dir: /home/anatoly/projects/UnkillableStack/cmake-build-debug/CMakeFiles/CMakeTmp

Run Build Command:"/usr/bin/make" "cmTC_e6429/fast"
/usr/bin/make -f CMakeFiles/cmTC_e6429.dir/build.make CMakeFiles/cmTC_e6429.dir/build
make[1]: вход в каталог «/home/anatoly/projects/UnkillableStack/cmake-build-debug/CMakeFiles/CMakeTmp»
Building C object CMakeFiles/cmTC_e6429.dir/CheckFunctionExists.c.o
/usr/bin/gcc   -DCHECK_FUNCTION_EXISTS=pthread_create   -o CMakeFiles/cmTC_e6429.dir/CheckFunctionExists.c.o   -c /home/anatoly/clion-2018.2.4/bin/cmake/linux/share/cmake-3.12/Modules/CheckFunctionExists.c
Linking C executable cmTC_e6429
/home/anatoly/clion-2018.2.4/bin/cmake/linux/bin/cmake -E cmake_link_script CMakeFiles/cmTC_e6429.dir/link.txt --verbose=1
/usr/bin/gcc  -DCHECK_FUNCTION_EXISTS=pthread_create    -rdynamic CMakeFiles/cmTC_e6429.dir/CheckFunctionExists.c.o  -o cmTC_e6429 -lpthreads 
/usr/bin/ld: cannot find -lpthreads
collect2: error: ld returned 1 exit status
CMakeFiles/cmTC_e6429.dir/build.make:86: recipe for target 'cmTC_e6429' failed
make[1]: *** [cmTC_e6429] Error 1
make[1]: выход из каталога «/home/anatoly/projects/UnkillableStack/cmake-build-debug/CMakeFiles/CMakeTmp»
Makefile:121: recipe for target 'cmTC_e6429/fast' failed
make: *** [cmTC_e6429/fast] Error 2


