Determining if the pthread_create exist failed with the following output:
Change Dir: /home/anatoly/projects/test_task/cmake-build-debug/CMakeFiles/CMakeTmp

Run Build Command:"/usr/bin/make" "cmTC_4ae53/fast"
/usr/bin/make -f CMakeFiles/cmTC_4ae53.dir/build.make CMakeFiles/cmTC_4ae53.dir/build
make[1]: вход в каталог «/home/anatoly/projects/test_task/cmake-build-debug/CMakeFiles/CMakeTmp»
Building C object CMakeFiles/cmTC_4ae53.dir/CheckSymbolExists.c.o
/usr/bin/gcc    -o CMakeFiles/cmTC_4ae53.dir/CheckSymbolExists.c.o   -c /home/anatoly/projects/test_task/cmake-build-debug/CMakeFiles/CMakeTmp/CheckSymbolExists.c
Linking C executable cmTC_4ae53
/home/anatoly/clion-2018.2.4/bin/cmake/linux/bin/cmake -E cmake_link_script CMakeFiles/cmTC_4ae53.dir/link.txt --verbose=1
/usr/bin/gcc      -rdynamic CMakeFiles/cmTC_4ae53.dir/CheckSymbolExists.c.o  -o cmTC_4ae53 
CMakeFiles/cmTC_4ae53.dir/CheckSymbolExists.c.o: In function `main':
CheckSymbolExists.c:(.text+0x1b): undefined reference to `pthread_create'
collect2: error: ld returned 1 exit status
CMakeFiles/cmTC_4ae53.dir/build.make:86: recipe for target 'cmTC_4ae53' failed
make[1]: *** [cmTC_4ae53] Error 1
make[1]: выход из каталога «/home/anatoly/projects/test_task/cmake-build-debug/CMakeFiles/CMakeTmp»
Makefile:121: recipe for target 'cmTC_4ae53/fast' failed
make: *** [cmTC_4ae53/fast] Error 2

File /home/anatoly/projects/test_task/cmake-build-debug/CMakeFiles/CMakeTmp/CheckSymbolExists.c:
/* */
#include <pthread.h>

int main(int argc, char** argv)
{
  (void)argv;
#ifndef pthread_create
  return ((int*)(&pthread_create))[argc];
#else
  (void)argc;
  return 0;
#endif
}

Determining if the function pthread_create exists in the pthreads failed with the following output:
Change Dir: /home/anatoly/projects/test_task/cmake-build-debug/CMakeFiles/CMakeTmp

Run Build Command:"/usr/bin/make" "cmTC_d394a/fast"
/usr/bin/make -f CMakeFiles/cmTC_d394a.dir/build.make CMakeFiles/cmTC_d394a.dir/build
make[1]: вход в каталог «/home/anatoly/projects/test_task/cmake-build-debug/CMakeFiles/CMakeTmp»
Building C object CMakeFiles/cmTC_d394a.dir/CheckFunctionExists.c.o
/usr/bin/gcc   -DCHECK_FUNCTION_EXISTS=pthread_create   -o CMakeFiles/cmTC_d394a.dir/CheckFunctionExists.c.o   -c /home/anatoly/clion-2018.2.4/bin/cmake/linux/share/cmake-3.12/Modules/CheckFunctionExists.c
Linking C executable cmTC_d394a
/home/anatoly/clion-2018.2.4/bin/cmake/linux/bin/cmake -E cmake_link_script CMakeFiles/cmTC_d394a.dir/link.txt --verbose=1
/usr/bin/gcc  -DCHECK_FUNCTION_EXISTS=pthread_create    -rdynamic CMakeFiles/cmTC_d394a.dir/CheckFunctionExists.c.o  -o cmTC_d394a -lpthreads 
/usr/bin/ld: cannot find -lpthreads
collect2: error: ld returned 1 exit status
CMakeFiles/cmTC_d394a.dir/build.make:86: recipe for target 'cmTC_d394a' failed
make[1]: *** [cmTC_d394a] Error 1
make[1]: выход из каталога «/home/anatoly/projects/test_task/cmake-build-debug/CMakeFiles/CMakeTmp»
Makefile:121: recipe for target 'cmTC_d394a/fast' failed
make: *** [cmTC_d394a/fast] Error 2


